<?xml version="1.0" encoding="UTF-8"?>
<testng-results ignored="0" total="1" passed="1" failed="0" skipped="0">
  <reporter-output>
  </reporter-output>
  <suite started-at="2023-08-24T16:36:58 IST" name="Default suite" finished-at="2023-08-24T16:37:06 IST" duration-ms="8689">
    <groups>
    </groups>
    <test started-at="2023-08-24T16:36:58 IST" name="Default test" finished-at="2023-08-24T16:37:06 IST" duration-ms="8689">
      <class name="com.SeleniumPractice.TestCases.TC_LoginTest_001">
        <test-method is-config="true" signature="setup()[pri:0, instance:com.SeleniumPractice.TestCases.TC_LoginTest_001@25ce9dc4]" started-at="2023-08-24T16:36:58 IST" name="setup" finished-at="2023-08-24T16:37:01 IST" duration-ms="2725" status="PASS">
          <reporter-output>
          </reporter-output>
        </test-method> <!-- setup -->
        <test-method signature="LoginTest()[pri:0, instance:com.SeleniumPractice.TestCases.TC_LoginTest_001@25ce9dc4]" started-at="2023-08-24T16:37:01 IST" name="LoginTest" finished-at="2023-08-24T16:37:06 IST" duration-ms="5703" status="PASS">
          <reporter-output>
          </reporter-output>
        </test-method> <!-- LoginTest -->
        <test-method is-config="true" signature="teardown()[pri:0, instance:com.SeleniumPractice.TestCases.TC_LoginTest_001@25ce9dc4]" started-at="2023-08-24T16:37:06 IST" name="teardown" finished-at="2023-08-24T16:37:06 IST" duration-ms="219" status="PASS">
          <reporter-output>
          </reporter-output>
        </test-method> <!-- teardown -->
      </class> <!-- com.SeleniumPractice.TestCases.TC_LoginTest_001 -->
    </test> <!-- Default test -->
  </suite> <!-- Default suite -->
</testng-results>
